<?xml version="1.0" encoding="UTF-8"?>
<testsuite name="SimpleBankSystemTest" tests="1" skipped="0" failures="0" errors="0" timestamp="2023-01-06T09:00:49" hostname="DESKTOP-NKAOJDL" time="2.662">
  <properties/>
  <testcase name="start" classname="SimpleBankSystemTest" time="2.662"/>
  <system-out><![CDATA[?[1;31m
Start test 1?[0m
Connection to SQLite has been established.
1. Create an account
2. Log into account
0. Exit

> 0
Bye!
?[1;31m
Start test 2?[0m
Connection to SQLite has been established.
1. Create an account
2. Log into account
0. Exit

> 0
Bye!
?[1;31m
Start test 3?[0m
Connection to SQLite has been established.
1. Create an account
2. Log into account
0. Exit

> 0
Bye!
?[1;31m
Start test 4?[0m
Connection to SQLite has been established.
1. Create an account
2. Log into account
0. Exit

> 0
Bye!
?[1;31m
Start test 5?[0m
Connection to SQLite has been established.
1. Create an account
2. Log into account
0. Exit

> 1
Your card has been created
Your card number:
4000009794182504
Your card PIN:
1959
1. Create an account
2. Log into account
0. Exit

> 1
Your card has been created
Your card number:
4000006312030736
Your card PIN:
3875
1. Create an account
2. Log into account
0. Exit

> 1
Your card has been created
Your card number:
4000009621245342
Your card PIN:
6154
1. Create an account
2. Log into account
0. Exit

> 1
Your card has been created
Your card number:
4000006577459752
Your card PIN:
7440
1. Create an account
2. Log into account
0. Exit

> 1
Your card has been created
Your card number:
4000004943457832
Your card PIN:
0348
1. Create an account
2. Log into account
0. Exit

> 0
Bye!
?[0;34m4000009794182504
?[0m?[0;34m4000006312030736
?[0m?[0;34m4000009621245342
?[0m?[0;34m4000006577459752
?[0m?[0;34m4000004943457832
?[1;31m
Start test 6?[0m
Connection to SQLite has been established.
1. Create an account
2. Log into account
0. Exit

> 1
Your card has been created
Your card number:
4000006788151719
Your card PIN:
5060
1. Create an account
2. Log into account
0. Exit

> 2
Enter your card number: 
> 4000006788151719
Enter your PIN: 
> 5060
SELECT * FROM card WHERE number = 4000006788151719 AND pin = 5060
BankCard{id=6, number='4000006788151719', pin='5060', balance=0}
You have successfully logged in!
1. Balance
2. Add income
3. Do transfer
4. Close account
5. Log out
0. Exit
> 0
Bye!
?[1;31m
Start test 7?[0m
Connection to SQLite has been established.
1. Create an account
2. Log into account
0. Exit

> 1
Your card has been created
Your card number:
4000008116204756
Your card PIN:
1825
1. Create an account
2. Log into account
0. Exit

> 2
Enter your card number: 
> 4000008116204756
Enter your PIN: 
> 2969
SELECT * FROM card WHERE number = 4000008116204756 AND pin = 2969
null
Wrong card number or PIN!
1. Create an account
2. Log into account
0. Exit

> 0
Bye!
?[1;31m
Start test 8?[0m
Connection to SQLite has been established.
1. Create an account
2. Log into account
0. Exit

> 1
Your card has been created
Your card number:
4000006153116420
Your card PIN:
0049
1. Create an account
2. Log into account
0. Exit

> 2
Enter your card number: 
> 400000122421848
Enter your PIN: 
> 0049
SELECT * FROM card WHERE number = 400000122421848 AND pin = 0049
null
Wrong card number or PIN!
1. Create an account
2. Log into account
0. Exit

> 0
Bye!
?[1;31m
Start test 9?[0m
Connection to SQLite has been established.
1. Create an account
2. Log into account
0. Exit

> 1
Your card has been created
Your card number:
4000001903202075
Your card PIN:
2147
1. Create an account
2. Log into account
0. Exit

> 2
Enter your card number: 
> 4000001903202075
Enter your PIN: 
> 2147
SELECT * FROM card WHERE number = 4000001903202075 AND pin = 2147
BankCard{id=9, number='4000001903202075', pin='2147', balance=0}
You have successfully logged in!
1. Balance
2. Add income
3. Do transfer
4. Close account
5. Log out
0. Exit
> 1
Balance: 0
1. Balance
2. Add income
3. Do transfer
4. Close account
5. Log out
0. Exit
> 0
Bye!
?[1;31m
Start test 10?[0m
Connection to SQLite has been established.
1. Create an account
2. Log into account
0. Exit

> 1
Your card has been created
Your card number:
4000007823672438
Your card PIN:
8844
1. Create an account
2. Log into account
0. Exit

> 2
Enter your card number: 
> 4000007823672438
Enter your PIN: 
> 8844
SELECT * FROM card WHERE number = 4000007823672438 AND pin = 8844
BankCard{id=1, number='4000007823672438', pin='8844', balance=0}
You have successfully logged in!
1. Balance
2. Add income
3. Do transfer
4. Close account
5. Log out
0. Exit
> 2
Enter income: 
> 10000
Income was added!
1. Balance
2. Add income
3. Do transfer
4. Close account
5. Log out
0. Exit
> 0
Bye!
Connection to SQLite has been established.
1. Create an account
2. Log into account
0. Exit

> 2
Enter your card number: 
> 4000007823672438
Enter your PIN: 
> 8844
SELECT * FROM card WHERE number = 4000007823672438 AND pin = 8844
BankCard{id=1, number='4000007823672438', pin='8844', balance=10000}
You have successfully logged in!
1. Balance
2. Add income
3. Do transfer
4. Close account
5. Log out
0. Exit
> 2
Enter income: 
> 15000
Income was added!
1. Balance
2. Add income
3. Do transfer
4. Close account
5. Log out
0. Exit
> 0
Bye!
?[1;31m
Start test 11?[0m
Connection to SQLite has been established.
1. Create an account
2. Log into account
0. Exit

> 1
Your card has been created
Your card number:
4000007295216185
Your card PIN:
4557
1. Create an account
2. Log into account
0. Exit

> 1
Your card has been created
Your card number:
4000008854194110
Your card PIN:
4884
1. Create an account
2. Log into account
0. Exit

> 2
Enter your card number: 
> 4000008854194110
Enter your PIN: 
> 4884
SELECT * FROM card WHERE number = 4000008854194110 AND pin = 4884
BankCard{id=2, number='4000008854194110', pin='4884', balance=0}
You have successfully logged in!
1. Balance
2. Add income
3. Do transfer
4. Close account
5. Log out
0. Exit
> 3
Transfer
Enter your card number: 
> 2000007269641764
Probably you made a mistake in the card number. Please try again!
1. Balance
2. Add income
3. Do transfer
4. Close account
5. Log out
0. Exit
> 3
Transfer
Enter your card number: 
> 2000007269641768
Such a card does not exist.
1. Balance
2. Add income
3. Do transfer
4. Close account
5. Log out
0. Exit
> 3
Transfer
Enter your card number: 
> 4000007295216185
Enter how much money you want to transfer:
> 100000
Not enough money!
1. Balance
2. Add income
3. Do transfer
4. Close account
5. Log out
0. Exit
> 2
Enter income: 
> 20000
Income was added!
1. Balance
2. Add income
3. Do transfer
4. Close account
5. Log out
0. Exit
> 3
Transfer
Enter your card number: 
> 4000007295216185
Enter how much money you want to transfer:
> 10000
Income was added!
Success!
1. Balance
2. Add income
3. Do transfer
4. Close account
5. Log out
0. Exit
> 0
Bye!
?[1;31m
Start test 12?[0m
Connection to SQLite has been established.
1. Create an account
2. Log into account
0. Exit

> 1
Your card has been created
Your card number:
4000008334133944
Your card PIN:
8283
1. Create an account
2. Log into account
0. Exit

> 2
Enter your card number: 
> 4000008334133944
Enter your PIN: 
> 8283
SELECT * FROM card WHERE number = 4000008334133944 AND pin = 8283
BankCard{id=1, number='4000008334133944', pin='8283', balance=0}
You have successfully logged in!
1. Balance
2. Add income
3. Do transfer
4. Close account
5. Log out
0. Exit
> 4
1. Create an account
2. Log into account
0. Exit

> 0
Bye!
]]></system-out>
  <system-err><![CDATA[]]></system-err>
</testsuite>
